<?xml version="1.0" encoding="UTF-8"?>
<!-- Generated by org.testng.reporters.JUnitXMLReporter -->
<testsuite ignored="0" hostname="beeafcabeefc305607860caddfedbbbeone-0" failures="0" tests="3" name="Surefire test" time="42.255" errors="0" timestamp="2023-09-29T19:55:09 UTC">
  <testcase classname="runner.Testcase1" name="toyspg" time="6.842"/>
  <testcase classname="runner.Testcase2" name="clothpg" time="7.205"/>
  <testcase classname="runner.Testcase3" name="cartpg" time="13.189"/>
</testsuite> <!-- Surefire test -->
