<?xml version="1.0" encoding="UTF-8"?>
<testng-results ignored="0" total="1" passed="1" failed="0" skipped="0">
  <reporter-output>
  </reporter-output>
  <suite started-at="2023-09-29T17:29:33 IST" name="Default suite" finished-at="2023-09-29T17:29:44 IST" duration-ms="11032">
    <groups>
    </groups>
    <test started-at="2023-09-29T17:29:33 IST" name="Default test" finished-at="2023-09-29T17:29:44 IST" duration-ms="11032">
      <class name="runner.Testcase1">
        <test-method is-config="true" signature="beforeMethod()[pri:0, instance:runner.Testcase1@6e5bfdfc]" started-at="2023-09-29T17:29:33 IST" name="beforeMethod" finished-at="2023-09-29T17:29:38 IST" duration-ms="5693" status="PASS">
          <reporter-output>
          </reporter-output>
        </test-method> <!-- beforeMethod -->
        <test-method signature="toyspg()[pri:1, instance:runner.Testcase1@6e5bfdfc]" started-at="2023-09-29T17:29:38 IST" name="toyspg" finished-at="2023-09-29T17:29:43 IST" duration-ms="4853" status="PASS">
          <reporter-output>
          </reporter-output>
        </test-method> <!-- toyspg -->
        <test-method is-config="true" signature="afterMethod()[pri:0, instance:runner.Testcase1@6e5bfdfc]" started-at="2023-09-29T17:29:43 IST" name="afterMethod" finished-at="2023-09-29T17:29:44 IST" duration-ms="443" status="PASS">
          <reporter-output>
          </reporter-output>
        </test-method> <!-- afterMethod -->
      </class> <!-- runner.Testcase1 -->
    </test> <!-- Default test -->
  </suite> <!-- Default suite -->
</testng-results>
